[2016-12-06 15:25:11,471]  14 -- INFO  -- Brilliantech.Framwork.Utils.LogUtil.LogUtil [ListenClientMsg] -- 【数据】FF FF 09 01 02 18 01 01 13 01 BE 84 0A 0B
[2016-12-06 15:25:11,489]  14 -- INFO  -- Brilliantech.Framwork.Utils.LogUtil.LogUtil [ListenClientMsg] -- 【解析】
[2016-12-06 15:25:19,864]  14 -- INFO  -- Brilliantech.Framwork.Utils.LogUtil.LogUtil [ListenClientMsg] -- 【数据】FF FF 09 01 02 18 01 01 13 01 BE 84 0A 0B
[2016-12-06 15:25:19,864]  14 -- INFO  -- Brilliantech.Framwork.Utils.LogUtil.LogUtil [ListenClientMsg] -- 【解析】
[2016-12-06 15:25:20,729]  14 -- INFO  -- Brilliantech.Framwork.Utils.LogUtil.LogUtil [ListenClientMsg] -- 【数据】FF FF 09 01 02 18 01 01 13 01 BE 84 0A 0B
[2016-12-06 15:25:20,730]  14 -- INFO  -- Brilliantech.Framwork.Utils.LogUtil.LogUtil [ListenClientMsg] -- 【解析】
[2016-12-06 15:25:21,366]  14 -- INFO  -- Brilliantech.Framwork.Utils.LogUtil.LogUtil [ListenClientMsg] -- 【数据】FF FF 09 01 02 18 01 01 13 01 BE 84 0A 0B
[2016-12-06 15:25:21,366]  14 -- INFO  -- Brilliantech.Framwork.Utils.LogUtil.LogUtil [ListenClientMsg] -- 【解析】
[2016-12-06 15:25:22,303]  14 -- INFO  -- Brilliantech.Framwork.Utils.LogUtil.LogUtil [ListenClientMsg] -- 【数据】FF FF 09 01 02 18 01 01 13 01 BE 84 0A 0B
[2016-12-06 15:25:22,303]  14 -- INFO  -- Brilliantech.Framwork.Utils.LogUtil.LogUtil [ListenClientMsg] -- 【解析】
[2016-12-06 15:26:36,957]  15 -- INFO  -- Brilliantech.Framwork.Utils.LogUtil.LogUtil [ListenClientMsg] -- 【数据】FF FF 09 01 02 18 01 01 13 01 BE 84 0A 0B
[2016-12-06 15:26:36,976]  15 -- INFO  -- Brilliantech.Framwork.Utils.LogUtil.LogUtil [ListenClientMsg] -- 【解析】
[2016-12-06 15:26:39,244]  15 -- INFO  -- Brilliantech.Framwork.Utils.LogUtil.LogUtil [ListenClientMsg] -- 【数据】FF FF 09 01 02 18 01 01 13 01 BE 84 0A 0B
[2016-12-06 15:26:39,244]  15 -- INFO  -- Brilliantech.Framwork.Utils.LogUtil.LogUtil [ListenClientMsg] -- 【解析】
[2016-12-06 15:26:40,551]  15 -- INFO  -- Brilliantech.Framwork.Utils.LogUtil.LogUtil [ListenClientMsg] -- 【数据】FF FF 09 01 02 18 01 01 13 01 BE 84 0A 0B
[2016-12-06 15:26:40,551]  15 -- INFO  -- Brilliantech.Framwork.Utils.LogUtil.LogUtil [ListenClientMsg] -- 【解析】
[2016-12-06 15:26:41,278]  15 -- INFO  -- Brilliantech.Framwork.Utils.LogUtil.LogUtil [ListenClientMsg] -- 【数据】FF FF 09 01 02 18 01 01 13 01 BE 84 0A 0B
[2016-12-06 15:26:41,278]  15 -- INFO  -- Brilliantech.Framwork.Utils.LogUtil.LogUtil [ListenClientMsg] -- 【解析】
[2016-12-06 15:26:41,971]  15 -- INFO  -- Brilliantech.Framwork.Utils.LogUtil.LogUtil [ListenClientMsg] -- 【数据】FF FF 09 01 02 18 01 01 13 01 BE 84 0A 0B
[2016-12-06 15:26:41,972]  15 -- INFO  -- Brilliantech.Framwork.Utils.LogUtil.LogUtil [ListenClientMsg] -- 【解析】
[2016-12-06 15:28:04,789]  15 -- INFO  -- Brilliantech.Framwork.Utils.LogUtil.LogUtil [ListenClientMsg] -- 【数据】FF FF 00 00 01 01 01 C0 01 16 1B FF FF FF 7F AC 0A 0B
[2016-12-06 15:28:04,806]  15 -- INFO  -- Brilliantech.Framwork.Utils.LogUtil.LogUtil [ListenClientMsg] -- 【解析】
[2016-12-06 15:31:49,803]  15 -- INFO  -- Brilliantech.Framwork.Utils.LogUtil.LogUtil [ListenClientMsg] -- 【数据】00 00 01 01 01 C0 01 16 1B FF FF FF
[2016-12-06 15:31:49,821]  15 -- INFO  -- Brilliantech.Framwork.Utils.LogUtil.LogUtil [ListenClientMsg] -- 【解析】编号为257,数码管数字为5659的第1条设置指令
[2016-12-06 15:35:25,745]  15 -- INFO  -- Brilliantech.Framwork.Utils.LogUtil.LogUtil [ListenClientMsg] -- 【数据】00 00 01 01 00 C0 01 16 1B FF FF FF
[2016-12-06 15:35:25,760]  15 -- INFO  -- Brilliantech.Framwork.Utils.LogUtil.LogUtil [ListenClientMsg] -- 【解析】编号为257,数码管数字为5659的第0条设置指令
[2016-12-06 15:35:25,761]  15 -- INFO  -- Brilliantech.Framwork.Utils.LogUtil.LogUtil [ListenClientMsg] -- 【数据】00 00 01 01 01 C0 01 16 1B FF FF FF 00 00 01 01 02 C0 01 16 1B FF FF FF 00 00 01 01 03 C0 01 16 1B FF FF FF 00 00 01 01 04 C0 01 16 1B FF FF FF 00 00 01 01 05 C0 01 16 1B FF FF FF 00 00 01 01 06 C0 01 16 1B FF FF FF 00 00 01 01 07 C0 01 16 1B FF FF FF 00 00 01 01 08 C0 01 16 1B FF FF FF 00 00 01 01 09 C0 01 16 1B FF FF FF 00 00 01 01 0A C0 01 16 1B FF FF FF
[2016-12-06 15:35:25,761]  15 -- INFO  -- Brilliantech.Framwork.Utils.LogUtil.LogUtil [ListenClientMsg] -- 【解析】
[2016-12-06 15:37:15,491]  14 -- INFO  -- Brilliantech.Framwork.Utils.LogUtil.LogUtil [ListenClientMsg] -- 【数据】00 00 01 01 00 C0 01 16 1B FF FF FF
[2016-12-06 15:37:15,508]  14 -- INFO  -- Brilliantech.Framwork.Utils.LogUtil.LogUtil [ListenClientMsg] -- 【解析】编号为257,数码管数字为5659的第0条设置指令
[2016-12-06 15:37:15,509]  14 -- INFO  -- Brilliantech.Framwork.Utils.LogUtil.LogUtil [ListenClientMsg] -- 【数据】00 00 01 01 01 C0 01 16 1B FF FF FF 00 00 01 01 02 C0 01 16 1B FF FF FF 00 00 01 01 03 C0 01 16 1B FF FF FF 00 00 01 01 04 C0 01 16 1B FF FF FF 00 00 01 01 05 C0 01 16 1B FF FF FF 00 00 01 01 06 C0 01 16 1B FF FF FF 00 00 01 01 07 C0 01 16 1B FF FF FF 00 00 01 01 08 C0 01 16 1B FF FF FF 00 00 01 01 09 C0 01 16 1B FF FF FF 00 00 01 01 0A C0 01 16 1B FF FF FF
[2016-12-06 15:37:15,509]  14 -- INFO  -- Brilliantech.Framwork.Utils.LogUtil.LogUtil [ListenClientMsg] -- 【解析】
[2016-12-06 15:41:08,773]  15 -- INFO  -- Brilliantech.Framwork.Utils.LogUtil.LogUtil [ListenClientMsg] -- 【数据】00 00 01 01 00 C0 01 16 1B FF FF FF
[2016-12-06 15:41:08,787]  15 -- INFO  -- Brilliantech.Framwork.Utils.LogUtil.LogUtil [ListenClientMsg] -- 【解析】编号为257,数码管数字为5659的第0条设置指令
[2016-12-06 15:41:08,787]  15 -- INFO  -- Brilliantech.Framwork.Utils.LogUtil.LogUtil [ListenClientMsg] -- 【数据】00 00 01 01 01 C0 01 16 1B FF FF FF 00 00 01 01 02 C0 01 16 1B FF FF FF 00 00 01 01 03 C0 01 16 1B FF FF FF 00 00 01 01 04 C0 01 16 1B FF FF FF 00 00 01 01 05 C0 01 16 1B FF FF FF 00 00 01 01 06 C0 01 16 1B FF FF FF 00 00 01 01 07 C0 01 16 1B FF FF FF 00 00 01 01 08 C0 01 16 1B FF FF FF 00 00 01 01 09 C0 01 16 1B FF FF FF 00 00 01 01 0A C0 01 16 1B FF FF FF
[2016-12-06 15:41:08,787]  15 -- INFO  -- Brilliantech.Framwork.Utils.LogUtil.LogUtil [ListenClientMsg] -- 【解析】
[2016-12-06 15:45:24,416]  15 -- INFO  -- Brilliantech.Framwork.Utils.LogUtil.LogUtil [ListenClientMsg] -- 【数据】00 00 01 01 00 C0 01 16 1B FF FF FF
[2016-12-06 15:45:24,436]  15 -- INFO  -- Brilliantech.Framwork.Utils.LogUtil.LogUtil [ListenClientMsg] -- 【解析】编号为257,数码管数字为5659的第0条设置指令
[2016-12-06 15:45:24,436]  15 -- INFO  -- Brilliantech.Framwork.Utils.LogUtil.LogUtil [ListenClientMsg] -- 【数据】00 00 01 01 01 C0 01 16 1B FF FF FF 00 00 01 01 02 C0 01 16 1B FF FF FF 00 00 01 01 03 C0 01 16 1B FF FF FF 00 00 01 01 04 C0 01 16 1B FF FF FF 00 00 01 01 05 C0 01 16 1B FF FF FF 00 00 01 01 06 C0 01 16 1B FF FF FF 00 00 01 01 07 C0 01 16 1B FF FF FF 00 00 01 01 08 C0 01 16 1B FF FF FF 00 00 01 01 09 C0 01 16 1B FF FF FF 00 00 01 01 0A C0 01 16 1B FF FF FF
[2016-12-06 15:45:24,437]  15 -- INFO  -- Brilliantech.Framwork.Utils.LogUtil.LogUtil [ListenClientMsg] -- 【解析】
[2016-12-06 15:51:34,424]  14 -- INFO  -- Brilliantech.Framwork.Utils.LogUtil.LogUtil [ListenClientMsg] -- 【数据】00 00 01 01 00 C0 01 16 1B FF FF FF
[2016-12-06 15:51:34,442]  14 -- INFO  -- Brilliantech.Framwork.Utils.LogUtil.LogUtil [ListenClientMsg] -- 【解析】编号为257,数码管数字为5659的第0条设置指令
[2016-12-06 15:51:34,443]  14 -- INFO  -- Brilliantech.Framwork.Utils.LogUtil.LogUtil [ListenClientMsg] -- 【数据】00 00 01 01 01 C0 01 16 1B FF FF FF 00 00 01 01 02 C0 01 16 1B FF FF FF 00 00 01 01 03 C0 01 16 1B FF FF FF 00 00 01 01 04 C0 01 16 1B FF FF FF 00 00 01 01 05 C0 01 16 1B FF FF FF 00 00 01 01 06 C0 01 16 1B FF FF FF 00 00 01 01 07 C0 01 16 1B FF FF FF 00 00 01 01 08 C0 01 16 1B FF FF FF 00 00 01 01 09 C0 01 16 1B FF FF FF 00 00 01 01 0A C0 01 16 1B FF FF FF
[2016-12-06 15:51:34,443]  14 -- INFO  -- Brilliantech.Framwork.Utils.LogUtil.LogUtil [ListenClientMsg] -- 【解析】
[2016-12-06 15:52:20,509]  13 -- INFO  -- Brilliantech.Framwork.Utils.LogUtil.LogUtil [ListenClientMsg] -- 【数据】00 00 01 01 00 C0 01 16 1B FF FF FF
[2016-12-06 15:52:20,525]  13 -- INFO  -- Brilliantech.Framwork.Utils.LogUtil.LogUtil [ListenClientMsg] -- 【解析】编号为257,数码管数字为5659的第0条设置指令
[2016-12-06 15:52:20,525]  13 -- INFO  -- Brilliantech.Framwork.Utils.LogUtil.LogUtil [ListenClientMsg] -- 【数据】00 00 01 01 01 C0 01 16 1B FF FF FF 00 00 01 01 02 C0 01 16 1B FF FF FF 00 00 01 01 03 C0 01 16 1B FF FF FF 00 00 01 01 04 C0 01 16 1B FF FF FF 00 00 01 01 05 C0 01 16 1B FF FF FF 00 00 01 01 06 C0 01 16 1B FF FF FF 00 00 01 01 07 C0 01 16 1B FF FF FF 00 00 01 01 08 C0 01 16 1B FF FF FF 00 00 01 01 09 C0 01 16 1B FF FF FF 00 00 01 01 0A C0 01 16 1B FF FF FF
[2016-12-06 15:52:20,525]  13 -- INFO  -- Brilliantech.Framwork.Utils.LogUtil.LogUtil [ListenClientMsg] -- 【解析】
[2016-12-06 16:07:29,635]  14 -- INFO  -- Brilliantech.Framwork.Utils.LogUtil.LogUtil [ListenClientMsg] -- 【数据】00 00 01 01 00 C0 01 16 1B FF FF FF
[2016-12-06 16:07:29,654]  14 -- INFO  -- Brilliantech.Framwork.Utils.LogUtil.LogUtil [ListenClientMsg] -- 【解析】编号为257,数码管数字为5659的第0条设置指令
[2016-12-06 16:07:30,349]  14 -- INFO  -- Brilliantech.Framwork.Utils.LogUtil.LogUtil [ListenClientMsg] -- 【数据】00 00 01 01 00 C0 01 16 1B FF FF FF
[2016-12-06 16:07:30,350]  14 -- INFO  -- Brilliantech.Framwork.Utils.LogUtil.LogUtil [ListenClientMsg] -- 【解析】编号为257,数码管数字为5659的第0条设置指令
[2016-12-06 16:07:31,060]  14 -- INFO  -- Brilliantech.Framwork.Utils.LogUtil.LogUtil [ListenClientMsg] -- 【数据】00 00 01 01 00 C0 01 16 1B FF FF FF
[2016-12-06 16:07:31,060]  14 -- INFO  -- Brilliantech.Framwork.Utils.LogUtil.LogUtil [ListenClientMsg] -- 【解析】编号为257,数码管数字为5659的第0条设置指令
[2016-12-06 16:07:31,635]  14 -- INFO  -- Brilliantech.Framwork.Utils.LogUtil.LogUtil [ListenClientMsg] -- 【数据】00 00 01 01 00 C0 01 16 1B FF FF FF
[2016-12-06 16:07:31,635]  14 -- INFO  -- Brilliantech.Framwork.Utils.LogUtil.LogUtil [ListenClientMsg] -- 【解析】编号为257,数码管数字为5659的第0条设置指令
[2016-12-06 16:07:32,160]  14 -- INFO  -- Brilliantech.Framwork.Utils.LogUtil.LogUtil [ListenClientMsg] -- 【数据】00 00 01 01 00 C0 01 16 1B FF FF FF
[2016-12-06 16:07:32,160]  14 -- INFO  -- Brilliantech.Framwork.Utils.LogUtil.LogUtil [ListenClientMsg] -- 【解析】编号为257,数码管数字为5659的第0条设置指令
[2016-12-06 16:07:34,652]  14 -- INFO  -- Brilliantech.Framwork.Utils.LogUtil.LogUtil [ListenClientMsg] -- 【数据】00 00 01 01 00 C0 01 16 1B FF FF FF
[2016-12-06 16:07:34,653]  14 -- INFO  -- Brilliantech.Framwork.Utils.LogUtil.LogUtil [ListenClientMsg] -- 【解析】编号为257,数码管数字为5659的第0条设置指令
[2016-12-06 16:11:38,063]  14 -- INFO  -- Brilliantech.Framwork.Utils.LogUtil.LogUtil [ListenClientMsg] -- 【数据】31
[2016-12-06 16:11:38,082]  14 -- INFO  -- Brilliantech.Framwork.Utils.LogUtil.LogUtil [ListenClientMsg] -- 【解析】
[2016-12-06 16:11:40,155]  14 -- INFO  -- Brilliantech.Framwork.Utils.LogUtil.LogUtil [ListenClientMsg] -- 索引超出了数组界限。
[2016-12-06 16:12:23,997]  16 -- INFO  -- Brilliantech.Framwork.Utils.LogUtil.LogUtil [ListenClientMsg] -- 【数据】30 78 30 30 2C 20 30 78 30 30 2C 20 30 78 30 31 2C 20 30 78 30 31 2C 20 30 78 30 30 2C 20 30 78 43 30 2C 20 30 78 30 31 2C 20 30 78 31 36 2C 20 30 78 31 42 2C 20 30 78 46 46 2C 20 30 78 46 46 2C 20 30 78 46 46 20
[2016-12-06 16:12:23,997]  16 -- INFO  -- Brilliantech.Framwork.Utils.LogUtil.LogUtil [ListenClientMsg] -- 【解析】
[2016-12-06 16:12:32,604]  16 -- INFO  -- Brilliantech.Framwork.Utils.LogUtil.LogUtil [ListenClientMsg] -- 【数据】30 78 30 30 2C 20 30 78 30 30 2C 20 30 78 30 31 2C 20 30 78 30 31 2C 20 30 78 30 30 2C 20 30 78 43 30 2C 20 30 78 30 31 2C 20 30 78 31 36 2C 20 30 78 31 42 2C 20 30 78 46 46 2C 20 30 78 46 46 2C 20 30 78 46 46 20
[2016-12-06 16:12:32,604]  16 -- INFO  -- Brilliantech.Framwork.Utils.LogUtil.LogUtil [ListenClientMsg] -- 【解析】
[2016-12-06 16:12:32,788]  16 -- INFO  -- Brilliantech.Framwork.Utils.LogUtil.LogUtil [ListenClientMsg] -- 【数据】30 78 30 30 2C 20 30 78 30 30 2C 20 30 78 30 31 2C 20 30 78 30 31 2C 20 30 78 30 30 2C 20 30 78 43 30 2C 20 30 78 30 31 2C 20 30 78 31 36 2C 20 30 78 31 42 2C 20 30 78 46 46 2C 20 30 78 46 46 2C 20 30 78 46 46 20
[2016-12-06 16:12:32,789]  16 -- INFO  -- Brilliantech.Framwork.Utils.LogUtil.LogUtil [ListenClientMsg] -- 【解析】
[2016-12-06 16:12:32,958]  16 -- INFO  -- Brilliantech.Framwork.Utils.LogUtil.LogUtil [ListenClientMsg] -- 【数据】30 78 30 30 2C 20 30 78 30 30 2C 20 30 78 30 31 2C 20 30 78 30 31 2C 20 30 78 30 30 2C 20 30 78 43 30 2C 20 30 78 30 31 2C 20 30 78 31 36 2C 20 30 78 31 42 2C 20 30 78 46 46 2C 20 30 78 46 46 2C 20 30 78 46 46 20
[2016-12-06 16:12:32,958]  16 -- INFO  -- Brilliantech.Framwork.Utils.LogUtil.LogUtil [ListenClientMsg] -- 【解析】
[2016-12-06 16:12:33,125]  16 -- INFO  -- Brilliantech.Framwork.Utils.LogUtil.LogUtil [ListenClientMsg] -- 【数据】30 78 30 30 2C 20 30 78 30 30 2C 20 30 78 30 31 2C 20 30 78 30 31 2C 20 30 78 30 30 2C 20 30 78 43 30 2C 20 30 78 30 31 2C 20 30 78 31 36 2C 20 30 78 31 42 2C 20 30 78 46 46 2C 20 30 78 46 46 2C 20 30 78 46 46 20
[2016-12-06 16:12:33,125]  16 -- INFO  -- Brilliantech.Framwork.Utils.LogUtil.LogUtil [ListenClientMsg] -- 【解析】
[2016-12-06 16:12:33,295]  16 -- INFO  -- Brilliantech.Framwork.Utils.LogUtil.LogUtil [ListenClientMsg] -- 【数据】30 78 30 30 2C 20 30 78 30 30 2C 20 30 78 30 31 2C 20 30 78 30 31 2C 20 30 78 30 30 2C 20 30 78 43 30 2C 20 30 78 30 31 2C 20 30 78 31 36 2C 20 30 78 31 42 2C 20 30 78 46 46 2C 20 30 78 46 46 2C 20 30 78 46 46 20
[2016-12-06 16:12:33,295]  16 -- INFO  -- Brilliantech.Framwork.Utils.LogUtil.LogUtil [ListenClientMsg] -- 【解析】
[2016-12-06 16:12:33,462]  16 -- INFO  -- Brilliantech.Framwork.Utils.LogUtil.LogUtil [ListenClientMsg] -- 【数据】30 78 30 30 2C 20 30 78 30 30 2C 20 30 78 30 31 2C 20 30 78 30 31 2C 20 30 78 30 30 2C 20 30 78 43 30 2C 20 30 78 30 31 2C 20 30 78 31 36 2C 20 30 78 31 42 2C 20 30 78 46 46 2C 20 30 78 46 46 2C 20 30 78 46 46 20
[2016-12-06 16:12:33,462]  16 -- INFO  -- Brilliantech.Framwork.Utils.LogUtil.LogUtil [ListenClientMsg] -- 【解析】
[2016-12-06 16:12:33,638]  16 -- INFO  -- Brilliantech.Framwork.Utils.LogUtil.LogUtil [ListenClientMsg] -- 【数据】30 78 30 30 2C 20 30 78 30 30 2C 20 30 78 30 31 2C 20 30 78 30 31 2C 20 30 78 30 30 2C 20 30 78 43 30 2C 20 30 78 30 31 2C 20 30 78 31 36 2C 20 30 78 31 42 2C 20 30 78 46 46 2C 20 30 78 46 46 2C 20 30 78 46 46 20
[2016-12-06 16:12:33,638]  16 -- INFO  -- Brilliantech.Framwork.Utils.LogUtil.LogUtil [ListenClientMsg] -- 【解析】
[2016-12-06 16:12:33,792]  16 -- INFO  -- Brilliantech.Framwork.Utils.LogUtil.LogUtil [ListenClientMsg] -- 【数据】30 78 30 30 2C 20 30 78 30 30 2C 20 30 78 30 31 2C 20 30 78 30 31 2C 20 30 78 30 30 2C 20 30 78 43 30 2C 20 30 78 30 31 2C 20 30 78 31 36 2C 20 30 78 31 42 2C 20 30 78 46 46 2C 20 30 78 46 46 2C 20 30 78 46 46 20
[2016-12-06 16:12:33,793]  16 -- INFO  -- Brilliantech.Framwork.Utils.LogUtil.LogUtil [ListenClientMsg] -- 【解析】
[2016-12-06 16:12:33,965]  16 -- INFO  -- Brilliantech.Framwork.Utils.LogUtil.LogUtil [ListenClientMsg] -- 【数据】30 78 30 30 2C 20 30 78 30 30 2C 20 30 78 30 31 2C 20 30 78 30 31 2C 20 30 78 30 30 2C 20 30 78 43 30 2C 20 30 78 30 31 2C 20 30 78 31 36 2C 20 30 78 31 42 2C 20 30 78 46 46 2C 20 30 78 46 46 2C 20 30 78 46 46 20
[2016-12-06 16:12:33,966]  16 -- INFO  -- Brilliantech.Framwork.Utils.LogUtil.LogUtil [ListenClientMsg] -- 【解析】
[2016-12-06 16:12:34,150]  16 -- INFO  -- Brilliantech.Framwork.Utils.LogUtil.LogUtil [ListenClientMsg] -- 【数据】30 78 30 30 2C 20 30 78 30 30 2C 20 30 78 30 31 2C 20 30 78 30 31 2C 20 30 78 30 30 2C 20 30 78 43 30 2C 20 30 78 30 31 2C 20 30 78 31 36 2C 20 30 78 31 42 2C 20 30 78 46 46 2C 20 30 78 46 46 2C 20 30 78 46 46 20
[2016-12-06 16:12:34,150]  16 -- INFO  -- Brilliantech.Framwork.Utils.LogUtil.LogUtil [ListenClientMsg] -- 【解析】
[2016-12-06 16:12:34,318]  16 -- INFO  -- Brilliantech.Framwork.Utils.LogUtil.LogUtil [ListenClientMsg] -- 【数据】30 78 30 30 2C 20 30 78 30 30 2C 20 30 78 30 31 2C 20 30 78 30 31 2C 20 30 78 30 30 2C 20 30 78 43 30 2C 20 30 78 30 31 2C 20 30 78 31 36 2C 20 30 78 31 42 2C 20 30 78 46 46 2C 20 30 78 46 46 2C 20 30 78 46 46 20
[2016-12-06 16:12:34,318]  16 -- INFO  -- Brilliantech.Framwork.Utils.LogUtil.LogUtil [ListenClientMsg] -- 【解析】
[2016-12-06 16:12:34,493]  16 -- INFO  -- Brilliantech.Framwork.Utils.LogUtil.LogUtil [ListenClientMsg] -- 【数据】30 78 30 30 2C 20 30 78 30 30 2C 20 30 78 30 31 2C 20 30 78 30 31 2C 20 30 78 30 30 2C 20 30 78 43 30 2C 20 30 78 30 31 2C 20 30 78 31 36 2C 20 30 78 31 42 2C 20 30 78 46 46 2C 20 30 78 46 46 2C 20 30 78 46 46 20
[2016-12-06 16:12:34,494]  16 -- INFO  -- Brilliantech.Framwork.Utils.LogUtil.LogUtil [ListenClientMsg] -- 【解析】
[2016-12-06 16:12:34,670]  16 -- INFO  -- Brilliantech.Framwork.Utils.LogUtil.LogUtil [ListenClientMsg] -- 【数据】30 78 30 30 2C 20 30 78 30 30 2C 20 30 78 30 31 2C 20 30 78 30 31 2C 20 30 78 30 30 2C 20 30 78 43 30 2C 20 30 78 30 31 2C 20 30 78 31 36 2C 20 30 78 31 42 2C 20 30 78 46 46 2C 20 30 78 46 46 2C 20 30 78 46 46 20
[2016-12-06 16:12:34,671]  16 -- INFO  -- Brilliantech.Framwork.Utils.LogUtil.LogUtil [ListenClientMsg] -- 【解析】
[2016-12-06 16:12:34,827]  16 -- INFO  -- Brilliantech.Framwork.Utils.LogUtil.LogUtil [ListenClientMsg] -- 【数据】30 78 30 30 2C 20 30 78 30 30 2C 20 30 78 30 31 2C 20 30 78 30 31 2C 20 30 78 30 30 2C 20 30 78 43 30 2C 20 30 78 30 31 2C 20 30 78 31 36 2C 20 30 78 31 42 2C 20 30 78 46 46 2C 20 30 78 46 46 2C 20 30 78 46 46 20
[2016-12-06 16:12:34,827]  16 -- INFO  -- Brilliantech.Framwork.Utils.LogUtil.LogUtil [ListenClientMsg] -- 【解析】
[2016-12-06 16:12:35,014]  16 -- INFO  -- Brilliantech.Framwork.Utils.LogUtil.LogUtil [ListenClientMsg] -- 【数据】30 78 30 30 2C 20 30 78 30 30 2C 20 30 78 30 31 2C 20 30 78 30 31 2C 20 30 78 30 30 2C 20 30 78 43 30 2C 20 30 78 30 31 2C 20 30 78 31 36 2C 20 30 78 31 42 2C 20 30 78 46 46 2C 20 30 78 46 46 2C 20 30 78 46 46 20
[2016-12-06 16:12:35,014]  16 -- INFO  -- Brilliantech.Framwork.Utils.LogUtil.LogUtil [ListenClientMsg] -- 【解析】
[2016-12-06 16:12:35,352]  16 -- INFO  -- Brilliantech.Framwork.Utils.LogUtil.LogUtil [ListenClientMsg] -- 【数据】30 78 30 30 2C 20 30 78 30 30 2C 20 30 78 30 31 2C 20 30 78 30 31 2C 20 30 78 30 30 2C 20 30 78 43 30 2C 20 30 78 30 31 2C 20 30 78 31 36 2C 20 30 78 31 42 2C 20 30 78 46 46 2C 20 30 78 46 46 2C 20 30 78 46 46 20
[2016-12-06 16:12:35,352]  16 -- INFO  -- Brilliantech.Framwork.Utils.LogUtil.LogUtil [ListenClientMsg] -- 【解析】
[2016-12-06 16:12:35,533]  16 -- INFO  -- Brilliantech.Framwork.Utils.LogUtil.LogUtil [ListenClientMsg] -- 【数据】30 78 30 30 2C 20 30 78 30 30 2C 20 30 78 30 31 2C 20 30 78 30 31 2C 20 30 78 30 30 2C 20 30 78 43 30 2C 20 30 78 30 31 2C 20 30 78 31 36 2C 20 30 78 31 42 2C 20 30 78 46 46 2C 20 30 78 46 46 2C 20 30 78 46 46 20
[2016-12-06 16:12:35,533]  16 -- INFO  -- Brilliantech.Framwork.Utils.LogUtil.LogUtil [ListenClientMsg] -- 【解析】
[2016-12-06 16:12:35,878]  16 -- INFO  -- Brilliantech.Framwork.Utils.LogUtil.LogUtil [ListenClientMsg] -- 【数据】30 78 30 30 2C 20 30 78 30 30 2C 20 30 78 30 31 2C 20 30 78 30 31 2C 20 30 78 30 30 2C 20 30 78 43 30 2C 20 30 78 30 31 2C 20 30 78 31 36 2C 20 30 78 31 42 2C 20 30 78 46 46 2C 20 30 78 46 46 2C 20 30 78 46 46 20
[2016-12-06 16:12:35,878]  16 -- INFO  -- Brilliantech.Framwork.Utils.LogUtil.LogUtil [ListenClientMsg] -- 【解析】
[2016-12-06 16:12:36,087]  16 -- INFO  -- Brilliantech.Framwork.Utils.LogUtil.LogUtil [ListenClientMsg] -- 【数据】30 78 30 30 2C 20 30 78 30 30 2C 20 30 78 30 31 2C 20 30 78 30 31 2C 20 30 78 30 30 2C 20 30 78 43 30 2C 20 30 78 30 31 2C 20 30 78 31 36 2C 20 30 78 31 42 2C 20 30 78 46 46 2C 20 30 78 46 46 2C 20 30 78 46 46 20
[2016-12-06 16:12:36,087]  16 -- INFO  -- Brilliantech.Framwork.Utils.LogUtil.LogUtil [ListenClientMsg] -- 【解析】
[2016-12-06 16:12:36,446]  16 -- INFO  -- Brilliantech.Framwork.Utils.LogUtil.LogUtil [ListenClientMsg] -- 【数据】30 78 30 30 2C 20 30 78 30 30 2C 20 30 78 30 31 2C 20 30 78 30 31 2C 20 30 78 30 30 2C 20 30 78 43 30 2C 20 30 78 30 31 2C 20 30 78 31 36 2C 20 30 78 31 42 2C 20 30 78 46 46 2C 20 30 78 46 46 2C 20 30 78 46 46 20
[2016-12-06 16:12:36,446]  16 -- INFO  -- Brilliantech.Framwork.Utils.LogUtil.LogUtil [ListenClientMsg] -- 【解析】
[2016-12-06 16:12:36,648]  16 -- INFO  -- Brilliantech.Framwork.Utils.LogUtil.LogUtil [ListenClientMsg] -- 【数据】30 78 30 30 2C 20 30 78 30 30 2C 20 30 78 30 31 2C 20 30 78 30 31 2C 20 30 78 30 30 2C 20 30 78 43 30 2C 20 30 78 30 31 2C 20 30 78 31 36 2C 20 30 78 31 42 2C 20 30 78 46 46 2C 20 30 78 46 46 2C 20 30 78 46 46 20
[2016-12-06 16:12:36,648]  16 -- INFO  -- Brilliantech.Framwork.Utils.LogUtil.LogUtil [ListenClientMsg] -- 【解析】
[2016-12-06 16:12:43,854]  16 -- INFO  -- Brilliantech.Framwork.Utils.LogUtil.LogUtil [ListenClientMsg] -- 【数据】30 78 30 30 2C 20 30 78 30 30 2C 20 30 78 30 31 2C 20 30 78 30 31 2C 20 30 78 30 30 2C 20 30 78 43 30 2C 20 30 78 30 31 2C 20 30 78 31 36 2C 20 30 78 31 42 2C 20 30 78 46 46 2C 20 30 78 46 46 2C 20 30 78 46 46 20
[2016-12-06 16:12:43,854]  16 -- INFO  -- Brilliantech.Framwork.Utils.LogUtil.LogUtil [ListenClientMsg] -- 【解析】
[2016-12-06 16:12:45,065]  16 -- INFO  -- Brilliantech.Framwork.Utils.LogUtil.LogUtil [ListenClientMsg] -- 【数据】30 78 30 30 2C 20 30 78 30 30 2C 20 30 78 30 31 2C 20 30 78 30 31 2C 20 30 78 30 30 2C 20 30 78 43 30 2C 20 30 78 30 31 2C 20 30 78 31 36 2C 20 30 78 31 42 2C 20 30 78 46 46 2C 20 30 78 46 46 2C 20 30 78 46 46 20
[2016-12-06 16:12:45,065]  16 -- INFO  -- Brilliantech.Framwork.Utils.LogUtil.LogUtil [ListenClientMsg] -- 【解析】
[2016-12-06 16:12:45,598]  16 -- INFO  -- Brilliantech.Framwork.Utils.LogUtil.LogUtil [ListenClientMsg] -- 【数据】30 78 30 30 2C 20 30 78 30 30 2C 20 30 78 30 31 2C 20 30 78 30 31 2C 20 30 78 30 30 2C 20 30 78 43 30 2C 20 30 78 30 31 2C 20 30 78 31 36 2C 20 30 78 31 42 2C 20 30 78 46 46 2C 20 30 78 46 46 2C 20 30 78 46 46 20
[2016-12-06 16:12:45,598]  16 -- INFO  -- Brilliantech.Framwork.Utils.LogUtil.LogUtil [ListenClientMsg] -- 【解析】
[2016-12-06 16:12:46,015]  16 -- INFO  -- Brilliantech.Framwork.Utils.LogUtil.LogUtil [ListenClientMsg] -- 【数据】30 78 30 30 2C 20 30 78 30 30 2C 20 30 78 30 31 2C 20 30 78 30 31 2C 20 30 78 30 30 2C 20 30 78 43 30 2C 20 30 78 30 31 2C 20 30 78 31 36 2C 20 30 78 31 42 2C 20 30 78 46 46 2C 20 30 78 46 46 2C 20 30 78 46 46 20
[2016-12-06 16:12:46,015]  16 -- INFO  -- Brilliantech.Framwork.Utils.LogUtil.LogUtil [ListenClientMsg] -- 【解析】
[2016-12-06 16:12:46,374]  16 -- INFO  -- Brilliantech.Framwork.Utils.LogUtil.LogUtil [ListenClientMsg] -- 【数据】30 78 30 30 2C 20 30 78 30 30 2C 20 30 78 30 31 2C 20 30 78 30 31 2C 20 30 78 30 30 2C 20 30 78 43 30 2C 20 30 78 30 31 2C 20 30 78 31 36 2C 20 30 78 31 42 2C 20 30 78 46 46 2C 20 30 78 46 46 2C 20 30 78 46 46 20
[2016-12-06 16:12:46,375]  16 -- INFO  -- Brilliantech.Framwork.Utils.LogUtil.LogUtil [ListenClientMsg] -- 【解析】
[2016-12-06 16:12:46,566]  16 -- INFO  -- Brilliantech.Framwork.Utils.LogUtil.LogUtil [ListenClientMsg] -- 【数据】30 78 30 30 2C 20 30 78 30 30 2C 20 30 78 30 31 2C 20 30 78 30 31 2C 20 30 78 30 30 2C 20 30 78 43 30 2C 20 30 78 30 31 2C 20 30 78 31 36 2C 20 30 78 31 42 2C 20 30 78 46 46 2C 20 30 78 46 46 2C 20 30 78 46 46 20
[2016-12-06 16:12:46,566]  16 -- INFO  -- Brilliantech.Framwork.Utils.LogUtil.LogUtil [ListenClientMsg] -- 【解析】
[2016-12-06 16:12:47,071]  16 -- INFO  -- Brilliantech.Framwork.Utils.LogUtil.LogUtil [ListenClientMsg] -- 【数据】30 78 30 30 2C 20 30 78 30 30 2C 20 30 78 30 31 2C 20 30 78 30 31 2C 20 30 78 30 30 2C 20 30 78 43 30 2C 20 30 78 30 31 2C 20 30 78 31 36 2C 20 30 78 31 42 2C 20 30 78 46 46 2C 20 30 78 46 46 2C 20 30 78 46 46 20
[2016-12-06 16:12:47,071]  16 -- INFO  -- Brilliantech.Framwork.Utils.LogUtil.LogUtil [ListenClientMsg] -- 【解析】
[2016-12-06 16:12:47,270]  16 -- INFO  -- Brilliantech.Framwork.Utils.LogUtil.LogUtil [ListenClientMsg] -- 【数据】30 78 30 30 2C 20 30 78 30 30 2C 20 30 78 30 31 2C 20 30 78 30 31 2C 20 30 78 30 30 2C 20 30 78 43 30 2C 20 30 78 30 31 2C 20 30 78 31 36 2C 20 30 78 31 42 2C 20 30 78 46 46 2C 20 30 78 46 46 2C 20 30 78 46 46 20
[2016-12-06 16:12:47,271]  16 -- INFO  -- Brilliantech.Framwork.Utils.LogUtil.LogUtil [ListenClientMsg] -- 【解析】
[2016-12-06 16:12:47,519]  16 -- INFO  -- Brilliantech.Framwork.Utils.LogUtil.LogUtil [ListenClientMsg] -- 【数据】30 78 30 30 2C 20 30 78 30 30 2C 20 30 78 30 31 2C 20 30 78 30 31 2C 20 30 78 30 30 2C 20 30 78 43 30 2C 20 30 78 30 31 2C 20 30 78 31 36 2C 20 30 78 31 42 2C 20 30 78 46 46 2C 20 30 78 46 46 2C 20 30 78 46 46 20
[2016-12-06 16:12:47,519]  16 -- INFO  -- Brilliantech.Framwork.Utils.LogUtil.LogUtil [ListenClientMsg] -- 【解析】
[2016-12-06 16:12:47,710]  16 -- INFO  -- Brilliantech.Framwork.Utils.LogUtil.LogUtil [ListenClientMsg] -- 【数据】30 78 30 30 2C 20 30 78 30 30 2C 20 30 78 30 31 2C 20 30 78 30 31 2C 20 30 78 30 30 2C 20 30 78 43 30 2C 20 30 78 30 31 2C 20 30 78 31 36 2C 20 30 78 31 42 2C 20 30 78 46 46 2C 20 30 78 46 46 2C 20 30 78 46 46 20
[2016-12-06 16:12:47,711]  16 -- INFO  -- Brilliantech.Framwork.Utils.LogUtil.LogUtil [ListenClientMsg] -- 【解析】
[2016-12-06 16:12:47,919]  16 -- INFO  -- Brilliantech.Framwork.Utils.LogUtil.LogUtil [ListenClientMsg] -- 【数据】30 78 30 30 2C 20 30 78 30 30 2C 20 30 78 30 31 2C 20 30 78 30 31 2C 20 30 78 30 30 2C 20 30 78 43 30 2C 20 30 78 30 31 2C 20 30 78 31 36 2C 20 30 78 31 42 2C 20 30 78 46 46 2C 20 30 78 46 46 2C 20 30 78 46 46 20
[2016-12-06 16:12:47,919]  16 -- INFO  -- Brilliantech.Framwork.Utils.LogUtil.LogUtil [ListenClientMsg] -- 【解析】
[2016-12-06 16:12:48,097]  16 -- INFO  -- Brilliantech.Framwork.Utils.LogUtil.LogUtil [ListenClientMsg] -- 【数据】30 78 30 30 2C 20 30 78 30 30 2C 20 30 78 30 31 2C 20 30 78 30 31 2C 20 30 78 30 30 2C 20 30 78 43 30 2C 20 30 78 30 31 2C 20 30 78 31 36 2C 20 30 78 31 42 2C 20 30 78 46 46 2C 20 30 78 46 46 2C 20 30 78 46 46 20
[2016-12-06 16:12:48,097]  16 -- INFO  -- Brilliantech.Framwork.Utils.LogUtil.LogUtil [ListenClientMsg] -- 【解析】
[2016-12-06 16:12:48,271]  16 -- INFO  -- Brilliantech.Framwork.Utils.LogUtil.LogUtil [ListenClientMsg] -- 【数据】30 78 30 30 2C 20 30 78 30 30 2C 20 30 78 30 31 2C 20 30 78 30 31 2C 20 30 78 30 30 2C 20 30 78 43 30 2C 20 30 78 30 31 2C 20 30 78 31 36 2C 20 30 78 31 42 2C 20 30 78 46 46 2C 20 30 78 46 46 2C 20 30 78 46 46 20
[2016-12-06 16:12:48,271]  16 -- INFO  -- Brilliantech.Framwork.Utils.LogUtil.LogUtil [ListenClientMsg] -- 【解析】
[2016-12-06 16:12:48,654]  16 -- INFO  -- Brilliantech.Framwork.Utils.LogUtil.LogUtil [ListenClientMsg] -- 【数据】30 78 30 30 2C 20 30 78 30 30 2C 20 30 78 30 31 2C 20 30 78 30 31 2C 20 30 78 30 30 2C 20 30 78 43 30 2C 20 30 78 30 31 2C 20 30 78 31 36 2C 20 30 78 31 42 2C 20 30 78 46 46 2C 20 30 78 46 46 2C 20 30 78 46 46 20
[2016-12-06 16:12:48,655]  16 -- INFO  -- Brilliantech.Framwork.Utils.LogUtil.LogUtil [ListenClientMsg] -- 【解析】
[2016-12-06 16:12:48,846]  16 -- INFO  -- Brilliantech.Framwork.Utils.LogUtil.LogUtil [ListenClientMsg] -- 【数据】30 78 30 30 2C 20 30 78 30 30 2C 20 30 78 30 31 2C 20 30 78 30 31 2C 20 30 78 30 30 2C 20 30 78 43 30 2C 20 30 78 30 31 2C 20 30 78 31 36 2C 20 30 78 31 42 2C 20 30 78 46 46 2C 20 30 78 46 46 2C 20 30 78 46 46 20
[2016-12-06 16:12:48,846]  16 -- INFO  -- Brilliantech.Framwork.Utils.LogUtil.LogUtil [ListenClientMsg] -- 【解析】
[2016-12-06 16:12:49,030]  16 -- INFO  -- Brilliantech.Framwork.Utils.LogUtil.LogUtil [ListenClientMsg] -- 【数据】30 78 30 30 2C 20 30 78 30 30 2C 20 30 78 30 31 2C 20 30 78 30 31 2C 20 30 78 30 30 2C 20 30 78 43 30 2C 20 30 78 30 31 2C 20 30 78 31 36 2C 20 30 78 31 42 2C 20 30 78 46 46 2C 20 30 78 46 46 2C 20 30 78 46 46 20
[2016-12-06 16:12:49,030]  16 -- INFO  -- Brilliantech.Framwork.Utils.LogUtil.LogUtil [ListenClientMsg] -- 【解析】
[2016-12-06 16:13:00,053]  16 -- INFO  -- Brilliantech.Framwork.Utils.LogUtil.LogUtil [ListenClientMsg] -- 正在中止线程。
[2016-12-06 16:25:57,737]  15 -- INFO  -- Brilliantech.Framwork.Utils.LogUtil.LogUtil [ListenClientMsg] -- 【数据】00 00 01 01 00 C0 01 16 1B FF FF FF
[2016-12-06 16:25:57,754]  15 -- INFO  -- Brilliantech.Framwork.Utils.LogUtil.LogUtil [ListenClientMsg] -- 【解析】编号为257,数码管数字为5659的第0条设置指令
[2016-12-06 16:25:57,754]  15 -- INFO  -- Brilliantech.Framwork.Utils.LogUtil.LogUtil [ListenClientMsg] -- 【数据】00 00 01 01 01 C0 01 16 1B FF FF FF 00 00 01 01 02 C0 01 16 1B FF FF FF 00 00 01 01 03 C0 01 16 1B FF FF FF 00 00 01 01 04 C0 01 16 1B FF FF FF 00 00 01 01 05 C0 01 16 1B FF FF FF 00 00 01 01 06 C0 01 16 1B FF FF FF 00 00 01 01 07 C0 01 16 1B FF FF FF 00 00 01 01 08 C0 01 16 1B FF FF FF 00 00 01 01 09 C0 01 16 1B FF FF FF 00 00 01 01 0A C0 01 16 1B FF FF FF
[2016-12-06 16:25:57,754]  15 -- INFO  -- Brilliantech.Framwork.Utils.LogUtil.LogUtil [ListenClientMsg] -- 【解析】
[2016-12-06 16:29:29,831]  14 -- INFO  -- Brilliantech.Framwork.Utils.LogUtil.LogUtil [ListenClientMsg] -- 【数据】00 00 01 01 00 C0 01 16 1B FF FF FF
[2016-12-06 16:29:29,849]  14 -- INFO  -- Brilliantech.Framwork.Utils.LogUtil.LogUtil [ListenClientMsg] -- 【解析】编号为257,数码管数字为5659的第0条设置指令
[2016-12-06 16:29:29,849]  14 -- INFO  -- Brilliantech.Framwork.Utils.LogUtil.LogUtil [ListenClientMsg] -- 【数据】00 00 01 01 01 C0 01 16 1B FF FF FF 00 00 01 01 02 C0 01 16 1B FF FF FF 00 00 01 01 03 C0 01 16 1B FF FF FF 00 00 01 01 04 C0 01 16 1B FF FF FF 00 00 01 01 05 C0 01 16 1B FF FF FF 00 00 01 01 06 C0 01 16 1B FF FF FF 00 00 01 01 07 C0 01 16 1B FF FF FF 00 00 01 01 08 C0 01 16 1B FF FF FF 00 00 01 01 09 C0 01 16 1B FF FF FF 00 00 01 01 0A C0 01 16 1B FF FF FF
[2016-12-06 16:29:29,849]  14 -- INFO  -- Brilliantech.Framwork.Utils.LogUtil.LogUtil [ListenClientMsg] -- 【解析】
[2016-12-06 16:42:18,618]  11 -- INFO  -- Brilliantech.Framwork.Utils.LogUtil.LogUtil [ListenClientMsg] -- 【数据】00 00 01 01 00 C0 01 16 1B FF FF FF
[2016-12-06 16:42:18,631]  11 -- INFO  -- Brilliantech.Framwork.Utils.LogUtil.LogUtil [ListenClientMsg] -- 【解析】编号为257,数码管数字为5659的第0条设置指令
[2016-12-06 16:42:21,088]  11 -- INFO  -- Brilliantech.Framwork.Utils.LogUtil.LogUtil [ListenClientMsg] -- 【数据】00 00 01 01 01 C0 01 16 1B FF FF FF 00 00 01 01 02 C0 01 16 1B FF FF FF 00 00 01 01 03 C0 01 16 1B FF FF FF 00 00 01 01 04 C0 01 16 1B FF FF FF 00 00 01 01 05 C0 01 16 1B FF FF FF 00 00 01 01 06 C0 01 16 1B FF FF FF 00 00 01 01 07 C0 01 16 1B FF FF FF 00 00 01 01 08 C0 01 16 1B FF FF FF 00 00 01 01 09 C0 01 16 1B FF FF FF 00 00 01 01 0A C0 01 16 1B FF FF FF
[2016-12-06 16:42:21,088]  11 -- INFO  -- Brilliantech.Framwork.Utils.LogUtil.LogUtil [ListenClientMsg] -- 【解析】
[2016-12-06 16:52:30,793]  14 -- INFO  -- Brilliantech.Framwork.Utils.LogUtil.LogUtil [ListenClientMsg] -- 【数据】00 00 01 01 00 C0 01 16 1B FF FF FF
[2016-12-06 16:52:30,806]  14 -- INFO  -- Brilliantech.Framwork.Utils.LogUtil.LogUtil [ListenClientMsg] -- 【解析】编号为257,数码管数字为5659的第0条设置指令
[2016-12-06 16:52:30,807]  14 -- INFO  -- Brilliantech.Framwork.Utils.LogUtil.LogUtil [ListenClientMsg] -- 【数据】00 00 01 01 01 C0 01 16 1B FF FF FF 00 00 01 01 02 C0 01 16 1B FF FF FF 00 00 01 01 03 C0 01 16 1B FF FF FF 00 00 01 01 04 C0 01 16 1B FF FF FF 00 00 01 01 05 C0 01 16 1B FF FF FF 00 00 01 01 06 C0 01 16 1B FF FF FF 00 00 01 01 07 C0 01 16 1B FF FF FF 00 00 01 01 08 C0 01 16 1B FF FF FF 00 00 01 01 09 C0 01 16 1B FF FF FF 00 00 01 01 0A C0 01 16 1B FF FF FF
[2016-12-06 16:52:30,807]  14 -- INFO  -- Brilliantech.Framwork.Utils.LogUtil.LogUtil [ListenClientMsg] -- 【解析】
